<?xml version="1.0" encoding="UTF-8"?>
<testng-results total="1" passed="0" failed="1" skipped="0">
  <reporter-output>
  </reporter-output>
  <suite started-at="2020-03-16T04:00:11Z" name="Default suite" finished-at="2020-03-16T04:00:25Z" duration-ms="13530">
    <groups>
    </groups>
    <test started-at="2020-03-16T04:00:11Z" name="Default test" finished-at="2020-03-16T04:00:25Z" duration-ms="13530">
      <class name="com.facebook.test.validateHomePage">
        <test-method is-config="true" signature="setupTest()[pri:0, instance:com.facebook.test.validateHomePage@5562c41e]" started-at="2020-03-16T00:00:11Z" name="setupTest" finished-at="2020-03-16T00:00:24Z" duration-ms="12533" status="PASS">
          <reporter-output>
          </reporter-output>
        </test-method> <!-- setupTest -->
        <test-method signature="validateTitle()[pri:0, instance:com.facebook.test.validateHomePage@5562c41e]" started-at="2020-03-16T00:00:24Z" name="validateTitle" finished-at="2020-03-16T00:00:24Z" duration-ms="34" status="FAIL">
          <exception class="junit.framework.ComparisonFailure">
            <message>
              <![CDATA[expected:<...ister: Mercury Tours[1]> but was:<...ister: Mercury Tours[]>]]>
            </message>
            <full-stacktrace>
              <![CDATA[junit.framework.ComparisonFailure: expected:<...ister: Mercury Tours[1]> but was:<...ister: Mercury Tours[]>
	at junit.framework.Assert.assertEquals(Assert.java:100)
	at junit.framework.Assert.assertEquals(Assert.java:107)
	at com.facebook.test.validateHomePage.validateTitle(validateHomePage.java:40)
	at java.base/jdk.internal.reflect.NativeMethodAccessorImpl.invoke0(Native Method)
	at java.base/jdk.internal.reflect.NativeMethodAccessorImpl.invoke(NativeMethodAccessorImpl.java:62)
	at java.base/jdk.internal.reflect.DelegatingMethodAccessorImpl.invoke(DelegatingMethodAccessorImpl.java:43)
	at java.base/java.lang.reflect.Method.invoke(Method.java:567)
	at org.testng.internal.MethodInvocationHelper.invokeMethod(MethodInvocationHelper.java:85)
	at org.testng.internal.Invoker.invokeMethod(Invoker.java:639)
	at org.testng.internal.Invoker.invokeTestMethod(Invoker.java:816)
	at org.testng.internal.Invoker.invokeTestMethods(Invoker.java:1124)
	at org.testng.internal.TestMethodWorker.invokeTestMethods(TestMethodWorker.java:125)
	at org.testng.internal.TestMethodWorker.run(TestMethodWorker.java:108)
	at org.testng.TestRunner.privateRun(TestRunner.java:774)
	at org.testng.TestRunner.run(TestRunner.java:624)
	at org.testng.SuiteRunner.runTest(SuiteRunner.java:359)
	at org.testng.SuiteRunner.runSequentially(SuiteRunner.java:354)
	at org.testng.SuiteRunner.privateRun(SuiteRunner.java:312)
	at org.testng.SuiteRunner.run(SuiteRunner.java:261)
	at org.testng.SuiteRunnerWorker.runSuite(SuiteRunnerWorker.java:52)
	at org.testng.SuiteRunnerWorker.run(SuiteRunnerWorker.java:86)
	at org.testng.TestNG.runSuitesSequentially(TestNG.java:1215)
	at org.testng.TestNG.runSuitesLocally(TestNG.java:1140)
	at org.testng.TestNG.run(TestNG.java:1048)
	at org.testng.remote.AbstractRemoteTestNG.run(AbstractRemoteTestNG.java:115)
	at org.testng.remote.RemoteTestNG.initAndRun(RemoteTestNG.java:251)
	at org.testng.remote.RemoteTestNG.main(RemoteTestNG.java:77)
]]>
            </full-stacktrace>
          </exception> <!-- junit.framework.ComparisonFailure -->
          <reporter-output>
          </reporter-output>
        </test-method> <!-- validateTitle -->
        <test-method is-config="true" signature="finishTest()[pri:0, instance:com.facebook.test.validateHomePage@5562c41e]" started-at="2020-03-16T00:00:24Z" name="finishTest" finished-at="2020-03-16T00:00:25Z" duration-ms="938" status="PASS">
          <reporter-output>
          </reporter-output>
        </test-method> <!-- finishTest -->
      </class> <!-- com.facebook.test.validateHomePage -->
    </test> <!-- Default test -->
  </suite> <!-- Default suite -->
</testng-results>
