<?xml version="1.0" encoding="UTF-8"?>
<!-- Generated by org.testng.reporters.JUnitXMLReporter -->
<testsuite hostname="LAPTOP-DMU344E3" failures="0" tests="59" name="pageNewTours_hwA" time="99.697" errors="0" timestamp="27 Mar 2020 22:41:17 GMT">
  <testcase classname="HomeWorkMar22.pageNewTours_hwA" name="validateFirstName" time="0.208"/>
  <testcase classname="HomeWorkMar22.phpTravels_hwB" name="validateFirstName" time="0.18"/>
  <testcase classname="HomeWorkMar22.yahooAccount_hwC" name="validateFirstName" time="0.229"/>
  <testcase classname="HomeWorkMar22.automationPractice_hwD" name="validateSpecials" time="0.299"/>
  <testcase classname="HomeWorkMar22.pageNewTours_hwA" name="validateLastName" time="0.16"/>
  <testcase classname="HomeWorkMar22.phpTravels_hwB" name="validateLastName" time="0.188"/>
  <testcase classname="HomeWorkMar22.yahooAccount_hwC" name="validateLastName" time="0.18"/>
  <testcase classname="HomeWorkMar22.automationPractice_hwD" name="validateCreateAccount" time="0.159"/>
  <testcase classname="HomeWorkMar22.pageNewTours_hwA" name="validatePhone" time="0.233"/>
  <testcase classname="HomeWorkMar22.phpTravels_hwB" name="validatePhone" time="0.257"/>
  <testcase classname="HomeWorkMar22.yahooAccount_hwC" name="validateId" time="0.257"/>
  <testcase classname="HomeWorkMar22.automationPractice_hwD" name="validateTitleMr" time="0.103"/>
  <testcase classname="HomeWorkMar22.pageNewTours_hwA" name="validateEmail" time="0.234"/>
  <testcase classname="HomeWorkMar22.phpTravels_hwB" name="validateEmail" time="0.35"/>
  <testcase classname="HomeWorkMar22.yahooAccount_hwC" name="validatePassword" time="0.25"/>
  <testcase classname="HomeWorkMar22.automationPractice_hwD" name="validateFirstName" time="0.167"/>
  <testcase classname="HomeWorkMar22.pageNewTours_hwA" name="validateAddress" time="0.294"/>
  <testcase classname="HomeWorkMar22.phpTravels_hwB" name="validatePassword" time="0.21"/>
  <testcase classname="HomeWorkMar22.yahooAccount_hwC" name="validatePhone" time="0.225"/>
  <testcase classname="HomeWorkMar22.automationPractice_hwD" name="validateLastName" time="0.201"/>
  <testcase classname="HomeWorkMar22.pageNewTours_hwA" name="validateCity" time="0.158"/>
  <testcase classname="HomeWorkMar22.phpTravels_hwB" name="validateConfirmPassword" time="0.202"/>
  <testcase classname="HomeWorkMar22.yahooAccount_hwC" name="validateMonth" time="0.201"/>
  <testcase classname="HomeWorkMar22.automationPractice_hwD" name="validatePassword" time="0.197"/>
  <testcase classname="HomeWorkMar22.pageNewTours_hwA" name="validateState" time="0.169"/>
  <testcase classname="HomeWorkMar22.phpTravels_hwB" name="validateSignUp" time="0.065"/>
  <testcase classname="HomeWorkMar22.yahooAccount_hwC" name="validateDate" time="0.146"/>
  <testcase classname="HomeWorkMar22.automationPractice_hwD" name="validateDate" time="0.166"/>
  <testcase classname="HomeWorkMar22.pageNewTours_hwA" name="validatePostalCode" time="0.145"/>
  <testcase classname="HomeWorkMar22.phpTravels_hwB" name="validateTitle" time="0.016"/>
  <testcase classname="HomeWorkMar22.yahooAccount_hwC" name="validateYear" time="0.166"/>
  <testcase classname="HomeWorkMar22.automationPractice_hwD" name="validateMonth" time="0.25"/>
  <testcase classname="HomeWorkMar22.pageNewTours_hwA" name="validateUserName" time="0.151"/>
  <testcase classname="HomeWorkMar22.phpTravels_hwB" name="validateUrl" time="0.016"/>
  <testcase classname="HomeWorkMar22.yahooAccount_hwC" name="validateGender" time="0.171"/>
  <testcase classname="HomeWorkMar22.automationPractice_hwD" name="validateYear" time="0.166"/>
  <testcase classname="HomeWorkMar22.pageNewTours_hwA" name="validatePassword" time="0.147"/>
  <testcase classname="HomeWorkMar22.yahooAccount_hwC" name="validateTerms" time="0.057"/>
  <testcase classname="HomeWorkMar22.automationPractice_hwD" name="validateNewsLetter" time="0.123"/>
  <testcase classname="HomeWorkMar22.pageNewTours_hwA" name="validateConfirmPassword" time="0.167"/>
  <testcase classname="HomeWorkMar22.yahooAccount_hwC" name="validatePrivacyPolicy" time="0.059"/>
  <testcase classname="HomeWorkMar22.automationPractice_hwD" name="validateSpecialOffers" time="0.118"/>
  <testcase classname="HomeWorkMar22.pageNewTours_hwA" name="validateSubmit" time="0.078"/>
  <testcase classname="HomeWorkMar22.yahooAccount_hwC" name="validateContinueButton" time="0.051"/>
  <testcase classname="HomeWorkMar22.automationPractice_hwD" name="validateCompany" time="0.228"/>
  <testcase classname="HomeWorkMar22.pageNewTours_hwA" name="validateTitle" time="0.015"/>
  <testcase classname="HomeWorkMar22.yahooAccount_hwC" name="validateSignIn" time="0.057"/>
  <testcase classname="HomeWorkMar22.automationPractice_hwD" name="validateAddress" time="0.386"/>
  <testcase classname="HomeWorkMar22.pageNewTours_hwA" name="validateUrl" time="0.016"/>
  <testcase classname="HomeWorkMar22.automationPractice_hwD" name="validateCity" time="0.191"/>
  <testcase classname="HomeWorkMar22.automationPractice_hwD" name="valdateState" time="0.155"/>
  <testcase classname="HomeWorkMar22.automationPractice_hwD" name="valdateZipCode" time="0.174"/>
  <testcase classname="HomeWorkMar22.automationPractice_hwD" name="validateAdditionalInformation" time="0.169"/>
  <testcase classname="HomeWorkMar22.automationPractice_hwD" name="validateHomePhone" time="0.221"/>
  <testcase classname="HomeWorkMar22.automationPractice_hwD" name="validateMobilePhone" time="0.201"/>
  <testcase classname="HomeWorkMar22.automationPractice_hwD" name="validateAlias" time="0.215"/>
  <testcase classname="HomeWorkMar22.automationPractice_hwD" name="validateRegister" time="0.055"/>
  <testcase classname="HomeWorkMar22.automationPractice_hwD" name="validateUrl" time="0.013"/>
  <testcase classname="HomeWorkMar22.automationPractice_hwD" name="validateTitle" time="0.017"/>
</testsuite> <!-- pageNewTours_hwA -->
