<?xml version="1.0" encoding="UTF-8"?>
<!-- Generated by org.testng.reporters.JUnitXMLReporter -->
<testsuite hostname="LAPTOP-DMU344E3" failures="0" tests="59" name="pageNewTours_hwA" time="91.327" errors="0" timestamp="25 Mar 2020 04:43:48 GMT">
  <testcase classname="HomeWorkMar22.pageNewTours_hwA" name="validateFirstName" time="0.113"/>
  <testcase classname="HomeWorkMar22.phpTravels_hwB" name="validateFirstName" time="0.098"/>
  <testcase classname="HomeWorkMar22.yahooAccount_hwC" name="validateFirstName" time="0.12"/>
  <testcase classname="HomeWorkMar22.automationPractice_hwD" name="validateSpecials" time="0.186"/>
  <testcase classname="HomeWorkMar22.pageNewTours_hwA" name="validateLastName" time="0.073"/>
  <testcase classname="HomeWorkMar22.phpTravels_hwB" name="validateLastName" time="0.098"/>
  <testcase classname="HomeWorkMar22.yahooAccount_hwC" name="validateLastName" time="0.106"/>
  <testcase classname="HomeWorkMar22.automationPractice_hwD" name="validateCreateAccount" time="0.095"/>
  <testcase classname="HomeWorkMar22.pageNewTours_hwA" name="validatePhone" time="0.126"/>
  <testcase classname="HomeWorkMar22.phpTravels_hwB" name="validatePhone" time="0.128"/>
  <testcase classname="HomeWorkMar22.yahooAccount_hwC" name="validateId" time="0.137"/>
  <testcase classname="HomeWorkMar22.automationPractice_hwD" name="validateTitleMr" time="0.073"/>
  <testcase classname="HomeWorkMar22.pageNewTours_hwA" name="validateEmail" time="0.117"/>
  <testcase classname="HomeWorkMar22.phpTravels_hwB" name="validateEmail" time="0.15"/>
  <testcase classname="HomeWorkMar22.yahooAccount_hwC" name="validatePassword" time="0.126"/>
  <testcase classname="HomeWorkMar22.automationPractice_hwD" name="validateFirstName" time="0.089"/>
  <testcase classname="HomeWorkMar22.pageNewTours_hwA" name="validateAddress" time="0.152"/>
  <testcase classname="HomeWorkMar22.phpTravels_hwB" name="validatePassword" time="0.102"/>
  <testcase classname="HomeWorkMar22.yahooAccount_hwC" name="validatePhone" time="0.126"/>
  <testcase classname="HomeWorkMar22.automationPractice_hwD" name="validateLastName" time="0.102"/>
  <testcase classname="HomeWorkMar22.pageNewTours_hwA" name="validateCity" time="0.086"/>
  <testcase classname="HomeWorkMar22.phpTravels_hwB" name="validateConfirmPassword" time="0.1"/>
  <testcase classname="HomeWorkMar22.yahooAccount_hwC" name="validateMonth" time="0.119"/>
  <testcase classname="HomeWorkMar22.automationPractice_hwD" name="validatePassword" time="0.108"/>
  <testcase classname="HomeWorkMar22.pageNewTours_hwA" name="validateState" time="0.098"/>
  <testcase classname="HomeWorkMar22.phpTravels_hwB" name="validateSignUp" time="0.034"/>
  <testcase classname="HomeWorkMar22.yahooAccount_hwC" name="validateDate" time="0.088"/>
  <testcase classname="HomeWorkMar22.automationPractice_hwD" name="validateDate" time="0.109"/>
  <testcase classname="HomeWorkMar22.pageNewTours_hwA" name="validatePostalCode" time="0.079"/>
  <testcase classname="HomeWorkMar22.phpTravels_hwB" name="validateTitle" time="0.013"/>
  <testcase classname="HomeWorkMar22.yahooAccount_hwC" name="validateYear" time="0.092"/>
  <testcase classname="HomeWorkMar22.automationPractice_hwD" name="validateMonth" time="0.171"/>
  <testcase classname="HomeWorkMar22.pageNewTours_hwA" name="validateUserName" time="0.089"/>
  <testcase classname="HomeWorkMar22.phpTravels_hwB" name="validateUrl" time="0.011"/>
  <testcase classname="HomeWorkMar22.yahooAccount_hwC" name="validateGender" time="0.098"/>
  <testcase classname="HomeWorkMar22.automationPractice_hwD" name="validateYear" time="0.104"/>
  <testcase classname="HomeWorkMar22.pageNewTours_hwA" name="validatePassword" time="0.097"/>
  <testcase classname="HomeWorkMar22.yahooAccount_hwC" name="validateTerms" time="0.037"/>
  <testcase classname="HomeWorkMar22.automationPractice_hwD" name="validateNewsLetter" time="0.07"/>
  <testcase classname="HomeWorkMar22.pageNewTours_hwA" name="validateConfirmPassword" time="0.09"/>
  <testcase classname="HomeWorkMar22.yahooAccount_hwC" name="validatePrivacyPolicy" time="0.031"/>
  <testcase classname="HomeWorkMar22.automationPractice_hwD" name="validateSpecialOffers" time="0.1"/>
  <testcase classname="HomeWorkMar22.pageNewTours_hwA" name="validateSubmit" time="0.052"/>
  <testcase classname="HomeWorkMar22.yahooAccount_hwC" name="validateContinueButton" time="0.029"/>
  <testcase classname="HomeWorkMar22.automationPractice_hwD" name="validateCompany" time="0.137"/>
  <testcase classname="HomeWorkMar22.pageNewTours_hwA" name="validateTitle" time="0.015"/>
  <testcase classname="HomeWorkMar22.yahooAccount_hwC" name="validateSignIn" time="0.037"/>
  <testcase classname="HomeWorkMar22.automationPractice_hwD" name="validateAddress" time="0.199"/>
  <testcase classname="HomeWorkMar22.pageNewTours_hwA" name="validateUrl" time="0.01"/>
  <testcase classname="HomeWorkMar22.automationPractice_hwD" name="validateCity" time="0.092"/>
  <testcase classname="HomeWorkMar22.automationPractice_hwD" name="valdateState" time="0.094"/>
  <testcase classname="HomeWorkMar22.automationPractice_hwD" name="valdateZipCode" time="0.091"/>
  <testcase classname="HomeWorkMar22.automationPractice_hwD" name="validateAdditionalInformation" time="0.104"/>
  <testcase classname="HomeWorkMar22.automationPractice_hwD" name="validateHomePhone" time="0.106"/>
  <testcase classname="HomeWorkMar22.automationPractice_hwD" name="validateMobilePhone" time="0.102"/>
  <testcase classname="HomeWorkMar22.automationPractice_hwD" name="validateAlias" time="0.117"/>
  <testcase classname="HomeWorkMar22.automationPractice_hwD" name="validateRegister" time="0.036"/>
  <testcase classname="HomeWorkMar22.automationPractice_hwD" name="validateUrl" time="0.015"/>
  <testcase classname="HomeWorkMar22.automationPractice_hwD" name="validateTitle" time="0.012"/>
</testsuite> <!-- pageNewTours_hwA -->
