<?xml version="1.0" encoding="UTF-8"?>
<!-- Generated by org.testng.reporters.JUnitXMLReporter -->
<testsuite hostname="LAPTOP-DMU344E3" failures="0" tests="59" name="pageNewTours_phpTravels_yahooAccount_automationPractice" time="94.457" errors="0" timestamp="31 Mar 2020 17:48:19 GMT">
  <testcase classname="HomeWorkMar22.pageNewTours_hwA" name="validateFirstName" time="0.137"/>
  <testcase classname="HomeWorkMar22.phpTravels_hwB" name="validateFirstName" time="0.143"/>
  <testcase classname="HomeWorkMar22.yahooAccount_hwC" name="validateFirstName" time="0.15"/>
  <testcase classname="HomeWorkMar22.automationPractice_hwD" name="validateSpecials" time="0.233"/>
  <testcase classname="HomeWorkMar22.pageNewTours_hwA" name="validateLastName" time="0.102"/>
  <testcase classname="HomeWorkMar22.phpTravels_hwB" name="validateLastName" time="0.164"/>
  <testcase classname="HomeWorkMar22.yahooAccount_hwC" name="validateLastName" time="0.136"/>
  <testcase classname="HomeWorkMar22.automationPractice_hwD" name="validateCreateAccount" time="0.102"/>
  <testcase classname="HomeWorkMar22.pageNewTours_hwA" name="validatePhone" time="0.122"/>
  <testcase classname="HomeWorkMar22.phpTravels_hwB" name="validatePhone" time="0.207"/>
  <testcase classname="HomeWorkMar22.yahooAccount_hwC" name="validateId" time="0.214"/>
  <testcase classname="HomeWorkMar22.automationPractice_hwD" name="validateTitleMr" time="0.096"/>
  <testcase classname="HomeWorkMar22.pageNewTours_hwA" name="validateEmail" time="0.203"/>
  <testcase classname="HomeWorkMar22.phpTravels_hwB" name="validateEmail" time="0.282"/>
  <testcase classname="HomeWorkMar22.yahooAccount_hwC" name="validatePassword" time="0.214"/>
  <testcase classname="HomeWorkMar22.automationPractice_hwD" name="validateFirstName" time="0.136"/>
  <testcase classname="HomeWorkMar22.pageNewTours_hwA" name="validateAddress" time="0.213"/>
  <testcase classname="HomeWorkMar22.phpTravels_hwB" name="validatePassword" time="0.161"/>
  <testcase classname="HomeWorkMar22.yahooAccount_hwC" name="validatePhone" time="0.189"/>
  <testcase classname="HomeWorkMar22.automationPractice_hwD" name="validateLastName" time="0.152"/>
  <testcase classname="HomeWorkMar22.pageNewTours_hwA" name="validateCity" time="0.123"/>
  <testcase classname="HomeWorkMar22.phpTravels_hwB" name="validateConfirmPassword" time="0.16"/>
  <testcase classname="HomeWorkMar22.yahooAccount_hwC" name="validateMonth" time="0.14"/>
  <testcase classname="HomeWorkMar22.automationPractice_hwD" name="validatePassword" time="0.153"/>
  <testcase classname="HomeWorkMar22.pageNewTours_hwA" name="validateState" time="0.138"/>
  <testcase classname="HomeWorkMar22.phpTravels_hwB" name="validateSignUp" time="0.047"/>
  <testcase classname="HomeWorkMar22.yahooAccount_hwC" name="validateDate" time="0.125"/>
  <testcase classname="HomeWorkMar22.automationPractice_hwD" name="validateDate" time="0.122"/>
  <testcase classname="HomeWorkMar22.pageNewTours_hwA" name="validatePostalCode" time="0.097"/>
  <testcase classname="HomeWorkMar22.phpTravels_hwB" name="validateTitle" time="0.016"/>
  <testcase classname="HomeWorkMar22.yahooAccount_hwC" name="validateYear" time="0.129"/>
  <testcase classname="HomeWorkMar22.automationPractice_hwD" name="validateMonth" time="0.216"/>
  <testcase classname="HomeWorkMar22.pageNewTours_hwA" name="validateUserName" time="0.127"/>
  <testcase classname="HomeWorkMar22.phpTravels_hwB" name="validateUrl" time="0.013"/>
  <testcase classname="HomeWorkMar22.yahooAccount_hwC" name="validateGender" time="0.141"/>
  <testcase classname="HomeWorkMar22.automationPractice_hwD" name="validateYear" time="0.124"/>
  <testcase classname="HomeWorkMar22.pageNewTours_hwA" name="validatePassword" time="0.141"/>
  <testcase classname="HomeWorkMar22.yahooAccount_hwC" name="validateTerms" time="0.039"/>
  <testcase classname="HomeWorkMar22.automationPractice_hwD" name="validateNewsLetter" time="0.087"/>
  <testcase classname="HomeWorkMar22.pageNewTours_hwA" name="validateConfirmPassword" time="0.124"/>
  <testcase classname="HomeWorkMar22.yahooAccount_hwC" name="validatePrivacyPolicy" time="0.041"/>
  <testcase classname="HomeWorkMar22.automationPractice_hwD" name="validateSpecialOffers" time="0.09"/>
  <testcase classname="HomeWorkMar22.pageNewTours_hwA" name="validateSubmit" time="0.055"/>
  <testcase classname="HomeWorkMar22.yahooAccount_hwC" name="validateContinueButton" time="0.035"/>
  <testcase classname="HomeWorkMar22.automationPractice_hwD" name="validateCompany" time="0.181"/>
  <testcase classname="HomeWorkMar22.pageNewTours_hwA" name="validateTitle" time="0.013"/>
  <testcase classname="HomeWorkMar22.yahooAccount_hwC" name="validateSignIn" time="0.04"/>
  <testcase classname="HomeWorkMar22.automationPractice_hwD" name="validateAddress" time="0.313"/>
  <testcase classname="HomeWorkMar22.pageNewTours_hwA" name="validateUrl" time="0.011"/>
  <testcase classname="HomeWorkMar22.automationPractice_hwD" name="validateCity" time="0.146"/>
  <testcase classname="HomeWorkMar22.automationPractice_hwD" name="valdateState" time="0.128"/>
  <testcase classname="HomeWorkMar22.automationPractice_hwD" name="valdateZipCode" time="0.129"/>
  <testcase classname="HomeWorkMar22.automationPractice_hwD" name="validateAdditionalInformation" time="0.164"/>
  <testcase classname="HomeWorkMar22.automationPractice_hwD" name="validateHomePhone" time="0.167"/>
  <testcase classname="HomeWorkMar22.automationPractice_hwD" name="validateMobilePhone" time="0.169"/>
  <testcase classname="HomeWorkMar22.automationPractice_hwD" name="validateAlias" time="0.16"/>
  <testcase classname="HomeWorkMar22.automationPractice_hwD" name="validateRegister" time="0.037"/>
  <testcase classname="HomeWorkMar22.automationPractice_hwD" name="validateUrl" time="0.012"/>
  <testcase classname="HomeWorkMar22.automationPractice_hwD" name="validateTitle" time="0.013"/>
</testsuite> <!-- pageNewTours_phpTravels_yahooAccount_automationPractice -->
