<?xml version="1.0" encoding="UTF-8"?>
<!-- Generated by org.testng.reporters.JUnitXMLReporter -->
<testsuite hostname="LAPTOP-DMU344E3" failures="0" tests="23" name="Default test" time="29.466" errors="0" timestamp="25 Mar 2020 00:34:20 GMT">
  <testcase classname="HomeWorkMar22.automationPractice_hwD" name="validateSpecials" time="0.239"/>
  <testcase classname="HomeWorkMar22.automationPractice_hwD" name="validateCreateAccount" time="0.106"/>
  <testcase classname="HomeWorkMar22.automationPractice_hwD" name="validateTitleMr" time="0.676"/>
  <testcase classname="HomeWorkMar22.automationPractice_hwD" name="validateFirstName" time="0.144"/>
  <testcase classname="HomeWorkMar22.automationPractice_hwD" name="validateLastName" time="0.146"/>
  <testcase classname="HomeWorkMar22.automationPractice_hwD" name="validatePassword" time="0.135"/>
  <testcase classname="HomeWorkMar22.automationPractice_hwD" name="validateDate" time="0.147"/>
  <testcase classname="HomeWorkMar22.automationPractice_hwD" name="validateMonth" time="0.215"/>
  <testcase classname="HomeWorkMar22.automationPractice_hwD" name="validateYear" time="0.136"/>
  <testcase classname="HomeWorkMar22.automationPractice_hwD" name="validateNewsLetter" time="0.093"/>
  <testcase classname="HomeWorkMar22.automationPractice_hwD" name="validateSpecialOffers" time="0.089"/>
  <testcase classname="HomeWorkMar22.automationPractice_hwD" name="validateCompany" time="0.177"/>
  <testcase classname="HomeWorkMar22.automationPractice_hwD" name="validateAddress" time="0.284"/>
  <testcase classname="HomeWorkMar22.automationPractice_hwD" name="validateCity" time="0.134"/>
  <testcase classname="HomeWorkMar22.automationPractice_hwD" name="valdateState" time="0.127"/>
  <testcase classname="HomeWorkMar22.automationPractice_hwD" name="valdateZipCode" time="0.13"/>
  <testcase classname="HomeWorkMar22.automationPractice_hwD" name="validateAdditionalInformation" time="0.155"/>
  <testcase classname="HomeWorkMar22.automationPractice_hwD" name="validateHomePhone" time="0.159"/>
  <testcase classname="HomeWorkMar22.automationPractice_hwD" name="validateMobilePhone" time="0.145"/>
  <testcase classname="HomeWorkMar22.automationPractice_hwD" name="validateAlias" time="0.159"/>
  <testcase classname="HomeWorkMar22.automationPractice_hwD" name="validateRegister" time="0.033"/>
  <testcase classname="HomeWorkMar22.automationPractice_hwD" name="validateUrl" time="0.01"/>
  <testcase classname="HomeWorkMar22.automationPractice_hwD" name="validateTitle" time="0.015"/>
</testsuite> <!-- Default test -->
