<?xml version="1.0" encoding="UTF-8"?>
<!-- Generated by org.testng.reporters.JUnitXMLReporter -->
<testsuite hostname="LAPTOP-DMU344E3" failures="0" tests="13" name="Default test" time="24.48" errors="0" timestamp="25 Mar 2020 05:02:42 GMT">
  <testcase classname="HomeWorkMar22.yahooAccount_hwC" name="validateFirstName" time="0.202"/>
  <testcase classname="HomeWorkMar22.yahooAccount_hwC" name="validateLastName" time="0.162"/>
  <testcase classname="HomeWorkMar22.yahooAccount_hwC" name="validateId" time="0.209"/>
  <testcase classname="HomeWorkMar22.yahooAccount_hwC" name="validatePassword" time="0.213"/>
  <testcase classname="HomeWorkMar22.yahooAccount_hwC" name="validatePhone" time="0.2"/>
  <testcase classname="HomeWorkMar22.yahooAccount_hwC" name="validateMonth" time="0.15"/>
  <testcase classname="HomeWorkMar22.yahooAccount_hwC" name="validateDate" time="0.136"/>
  <testcase classname="HomeWorkMar22.yahooAccount_hwC" name="validateYear" time="0.133"/>
  <testcase classname="HomeWorkMar22.yahooAccount_hwC" name="validateGender" time="0.155"/>
  <testcase classname="HomeWorkMar22.yahooAccount_hwC" name="validateTerms" time="0.048"/>
  <testcase classname="HomeWorkMar22.yahooAccount_hwC" name="validatePrivacyPolicy" time="0.047"/>
  <testcase classname="HomeWorkMar22.yahooAccount_hwC" name="validateContinueButton" time="0.048"/>
  <testcase classname="HomeWorkMar22.yahooAccount_hwC" name="validateSignIn" time="0.039"/>
</testsuite> <!-- Default test -->
