<?xml version="1.0" encoding="UTF-8"?>
<!-- Generated by org.testng.reporters.JUnitXMLReporter -->
<testsuite ignored="4" hostname="LAPTOP-DMU344E3" failures="0" tests="5" name="random" time="19.422" errors="0" timestamp="31 Mar 2020 05:18:03 GMT">
  <testcase classname="testNG.phpTravels_hwB" name="validatePassword" time="0.188"/>
  <testcase classname="testNG.phpTravels_hwB" name="validateConfirmPassword" time="0.153"/>
  <testcase classname="testNG.phpTravels_hwB" name="validateSignUp" time="0.055"/>
  <testcase classname="testNG.phpTravels_hwB" name="validateTitle" time="0.019"/>
  <testcase classname="testNG.phpTravels_hwB" name="validateUrl" time="0.014"/>
  <testcase classname="testNG.phpTravels_hwB" name="validateEmail" time="0.0">
    <ignored/>
  </testcase> <!-- validateEmail -->
  <testcase classname="testNG.phpTravels_hwB" name="validateFirstName" time="0.0">
    <ignored/>
  </testcase> <!-- validateFirstName -->
  <testcase classname="testNG.phpTravels_hwB" name="validatePhone" time="0.0">
    <ignored/>
  </testcase> <!-- validatePhone -->
  <testcase classname="testNG.phpTravels_hwB" name="validateLastName" time="0.0">
    <ignored/>
  </testcase> <!-- validateLastName -->
</testsuite> <!-- random -->
