<?xml version="1.0" encoding="UTF-8"?>
<!-- Generated by org.testng.reporters.JUnitXMLReporter -->
<testsuite ignored="0" hostname="LAPTOP-DMU344E3" failures="0" tests="14" name="InternetExplorerTest" time="22.515" errors="0" timestamp="02 Apr 2020 19:02:09 GMT">
  <testcase classname="HomeWorkMar22.pageNewTours_hwA" name="validateFirstName" time="0.94"/>
  <testcase classname="HomeWorkMar22.pageNewTours_hwA" name="validateLastName" time="0.783"/>
  <testcase classname="HomeWorkMar22.pageNewTours_hwA" name="validatePhone" time="0.799"/>
  <testcase classname="HomeWorkMar22.pageNewTours_hwA" name="validateEmail" time="0.909"/>
  <testcase classname="HomeWorkMar22.pageNewTours_hwA" name="validateAddress" time="1.007"/>
  <testcase classname="HomeWorkMar22.pageNewTours_hwA" name="validateCity" time="0.823"/>
  <testcase classname="HomeWorkMar22.pageNewTours_hwA" name="validateState" time="0.77"/>
  <testcase classname="HomeWorkMar22.pageNewTours_hwA" name="validatePostalCode" time="0.756"/>
  <testcase classname="HomeWorkMar22.pageNewTours_hwA" name="validateUserName" time="0.838"/>
  <testcase classname="HomeWorkMar22.pageNewTours_hwA" name="validatePassword" time="0.77"/>
  <testcase classname="HomeWorkMar22.pageNewTours_hwA" name="validateConfirmPassword" time="0.765"/>
  <testcase classname="HomeWorkMar22.pageNewTours_hwA" name="validateSubmit" time="0.547"/>
  <testcase classname="HomeWorkMar22.pageNewTours_hwA" name="validateTitle" time="0.015"/>
  <testcase classname="HomeWorkMar22.pageNewTours_hwA" name="validateUrl" time="0.033"/>
</testsuite> <!-- InternetExplorerTest -->
