<?xml version="1.0" encoding="UTF-8"?>
<!-- Generated by org.testng.reporters.JUnitXMLReporter -->
<testsuite hostname="LAPTOP-DMU344E3" failures="0" tests="14" name="page new tours sign up" time="22.32" errors="0" timestamp="25 Mar 2020 04:35:44 GMT">
  <testcase classname="HomeWorkMar22.pageNewTours_hwG" name="validateFirstName" time="0.126"/>
  <testcase classname="HomeWorkMar22.pageNewTours_hwG" name="validateLastName" time="0.097"/>
  <testcase classname="HomeWorkMar22.pageNewTours_hwG" name="validatePhone" time="0.116"/>
  <testcase classname="HomeWorkMar22.pageNewTours_hwG" name="validateEmail" time="0.153"/>
  <testcase classname="HomeWorkMar22.pageNewTours_hwG" name="validateAddress" time="0.182"/>
  <testcase classname="HomeWorkMar22.pageNewTours_hwG" name="validateCity" time="0.098"/>
  <testcase classname="HomeWorkMar22.pageNewTours_hwG" name="validateState" time="0.102"/>
  <testcase classname="HomeWorkMar22.pageNewTours_hwG" name="validatePostalCode" time="0.09"/>
  <testcase classname="HomeWorkMar22.pageNewTours_hwG" name="validateUserName" time="0.096"/>
  <testcase classname="HomeWorkMar22.pageNewTours_hwG" name="validatePassword" time="0.099"/>
  <testcase classname="HomeWorkMar22.pageNewTours_hwG" name="validateConfirmPassword" time="0.092"/>
  <testcase classname="HomeWorkMar22.pageNewTours_hwG" name="validateSubmit" time="0.05"/>
  <testcase classname="HomeWorkMar22.pageNewTours_hwG" name="validateTitle" time="0.014"/>
  <testcase classname="HomeWorkMar22.pageNewTours_hwG" name="validateUrl" time="0.014"/>
</testsuite> <!-- page new tours sign up -->
