<?xml version="1.0" encoding="UTF-8"?>
<!-- Generated by org.testng.reporters.JUnitXMLReporter -->
<testsuite hostname="LAPTOP-DMU344E3" failures="0" tests="9" name="php Travels Sign Up" time="24.513" errors="0" timestamp="25 Mar 2020 05:06:25 GMT">
  <testcase classname="HomeWorkMar22.phpTravels_hwG" name="validateFirstName" time="0.231"/>
  <testcase classname="HomeWorkMar22.phpTravels_hwG" name="validateLastName" time="0.142"/>
  <testcase classname="HomeWorkMar22.phpTravels_hwG" name="validatePhone" time="0.284"/>
  <testcase classname="HomeWorkMar22.phpTravels_hwG" name="validateEmail" time="0.337"/>
  <testcase classname="HomeWorkMar22.phpTravels_hwG" name="validatePassword" time="0.227"/>
  <testcase classname="HomeWorkMar22.phpTravels_hwG" name="validateConfirmPassword" time="0.268"/>
  <testcase classname="HomeWorkMar22.phpTravels_hwG" name="validateSignUp" time="0.054"/>
  <testcase classname="HomeWorkMar22.phpTravels_hwG" name="validateTitle" time="0.012"/>
  <testcase classname="HomeWorkMar22.phpTravels_hwG" name="validateUrl" time="0.015"/>
</testsuite> <!-- php Travels Sign Up -->
