<?xml version="1.0" encoding="UTF-8"?>
<!-- Generated by org.testng.reporters.JUnitXMLReporter -->
<testsuite hostname="LAPTOP-DMU344E3" failures="0" tests="9" name="php Travels Sign Up" time="20.672" errors="0" timestamp="25 Mar 2020 04:35:42 GMT">
  <testcase classname="HomeWorkMar22.phpTravels_hwG" name="validateFirstName" time="0.111"/>
  <testcase classname="HomeWorkMar22.phpTravels_hwG" name="validateLastName" time="0.091"/>
  <testcase classname="HomeWorkMar22.phpTravels_hwG" name="validatePhone" time="0.136"/>
  <testcase classname="HomeWorkMar22.phpTravels_hwG" name="validateEmail" time="0.192"/>
  <testcase classname="HomeWorkMar22.phpTravels_hwG" name="validatePassword" time="0.11"/>
  <testcase classname="HomeWorkMar22.phpTravels_hwG" name="validateConfirmPassword" time="0.119"/>
  <testcase classname="HomeWorkMar22.phpTravels_hwG" name="validateSignUp" time="0.034"/>
  <testcase classname="HomeWorkMar22.phpTravels_hwG" name="validateTitle" time="0.01"/>
  <testcase classname="HomeWorkMar22.phpTravels_hwG" name="validateUrl" time="0.016"/>
</testsuite> <!-- php Travels Sign Up -->
