<?xml version="1.0" encoding="UTF-8"?>
<testng-results ignored="4" total="9" passed="5" failed="0" skipped="0">
  <reporter-output>
    <line>
      <![CDATA[Entering Abcd1234 in the Password Text Box]]>
    </line>
    <line>
      <![CDATA[Entering Abcd1234 in the Confirm Password Text Box]]>
    </line>
    <line>
      <![CDATA[Verifying Text of the WebElement signup]]>
    </line>
    <line>
      <![CDATA[Verifying Title of the page]]>
    </line>
    <line>
      <![CDATA[Verifying Url of the page]]>
    </line>
  </reporter-output>
  <suite started-at="2020-03-31T05:17:44Z" name="GroupTesting" finished-at="2020-03-31T05:18:03Z" duration-ms="19422">
    <groups>
      <group name="Regression">
        <method signature="phpTravels_hwB.validateConfirmPassword()[pri:6, instance:testNG.phpTravels_hwB@5d740a0f]" name="validateConfirmPassword" class="testNG.phpTravels_hwB"/>
        <method signature="phpTravels_hwB.validatePassword()[pri:5, instance:testNG.phpTravels_hwB@5d740a0f]" name="validatePassword" class="testNG.phpTravels_hwB"/>
        <method signature="phpTravels_hwB.validateSignUp()[pri:7, instance:testNG.phpTravels_hwB@5d740a0f]" name="validateSignUp" class="testNG.phpTravels_hwB"/>
        <method signature="phpTravels_hwB.validateTitle()[pri:8, instance:testNG.phpTravels_hwB@5d740a0f]" name="validateTitle" class="testNG.phpTravels_hwB"/>
        <method signature="phpTravels_hwB.validateUrl()[pri:9, instance:testNG.phpTravels_hwB@5d740a0f]" name="validateUrl" class="testNG.phpTravels_hwB"/>
      </group> <!-- Regression -->
    </groups>
    <test started-at="2020-03-31T05:17:44Z" name="random" finished-at="2020-03-31T05:18:03Z" duration-ms="19422">
      <class name="testNG.phpTravels_hwB">
        <test-method is-config="true" signature="beforeTest()[pri:0, instance:testNG.phpTravels_hwB@5d740a0f]" started-at="2020-03-31T01:17:44Z" name="beforeTest" finished-at="2020-03-31T01:17:57Z" duration-ms="13422" status="PASS">
          <reporter-output>
          </reporter-output>
        </test-method> <!-- beforeTest -->
        <test-method is-config="true" signature="beforeMethod()[pri:0, instance:testNG.phpTravels_hwB@5d740a0f]" started-at="2020-03-31T01:17:57Z" name="beforeMethod" finished-at="2020-03-31T01:17:57Z" duration-ms="500" status="PASS">
          <reporter-output>
          </reporter-output>
        </test-method> <!-- beforeMethod -->
        <test-method signature="validatePassword()[pri:5, instance:testNG.phpTravels_hwB@5d740a0f]" started-at="2020-03-31T01:17:57Z" name="validatePassword" finished-at="2020-03-31T01:17:58Z" duration-ms="188" status="PASS">
          <reporter-output>
            <line>
              <![CDATA[Entering Abcd1234 in the Password Text Box]]>
            </line>
          </reporter-output>
        </test-method> <!-- validatePassword -->
        <test-method is-config="true" signature="beforeMethod()[pri:0, instance:testNG.phpTravels_hwB@5d740a0f]" started-at="2020-03-31T01:17:58Z" name="beforeMethod" finished-at="2020-03-31T01:17:58Z" duration-ms="506" status="PASS">
          <reporter-output>
          </reporter-output>
        </test-method> <!-- beforeMethod -->
        <test-method signature="validateConfirmPassword()[pri:6, instance:testNG.phpTravels_hwB@5d740a0f]" started-at="2020-03-31T01:17:58Z" name="validateConfirmPassword" finished-at="2020-03-31T01:17:58Z" duration-ms="153" status="PASS">
          <reporter-output>
            <line>
              <![CDATA[Entering Abcd1234 in the Confirm Password Text Box]]>
            </line>
          </reporter-output>
        </test-method> <!-- validateConfirmPassword -->
        <test-method is-config="true" signature="beforeMethod()[pri:0, instance:testNG.phpTravels_hwB@5d740a0f]" started-at="2020-03-31T01:17:58Z" name="beforeMethod" finished-at="2020-03-31T01:17:59Z" duration-ms="500" status="PASS">
          <reporter-output>
          </reporter-output>
        </test-method> <!-- beforeMethod -->
        <test-method signature="validateSignUp()[pri:7, instance:testNG.phpTravels_hwB@5d740a0f]" started-at="2020-03-31T01:17:59Z" name="validateSignUp" finished-at="2020-03-31T01:17:59Z" duration-ms="55" status="PASS">
          <reporter-output>
            <line>
              <![CDATA[Verifying Text of the WebElement signup]]>
            </line>
          </reporter-output>
        </test-method> <!-- validateSignUp -->
        <test-method is-config="true" signature="beforeMethod()[pri:0, instance:testNG.phpTravels_hwB@5d740a0f]" started-at="2020-03-31T01:17:59Z" name="beforeMethod" finished-at="2020-03-31T01:17:59Z" duration-ms="513" status="PASS">
          <reporter-output>
          </reporter-output>
        </test-method> <!-- beforeMethod -->
        <test-method signature="validateTitle()[pri:8, instance:testNG.phpTravels_hwB@5d740a0f]" started-at="2020-03-31T01:17:59Z" name="validateTitle" finished-at="2020-03-31T01:17:59Z" duration-ms="19" status="PASS">
          <reporter-output>
            <line>
              <![CDATA[Verifying Title of the page]]>
            </line>
          </reporter-output>
        </test-method> <!-- validateTitle -->
        <test-method is-config="true" signature="beforeMethod()[pri:0, instance:testNG.phpTravels_hwB@5d740a0f]" started-at="2020-03-31T01:17:59Z" name="beforeMethod" finished-at="2020-03-31T01:18:00Z" duration-ms="519" status="PASS">
          <reporter-output>
          </reporter-output>
        </test-method> <!-- beforeMethod -->
        <test-method signature="validateUrl()[pri:9, instance:testNG.phpTravels_hwB@5d740a0f]" started-at="2020-03-31T01:18:00Z" name="validateUrl" finished-at="2020-03-31T01:18:00Z" duration-ms="14" status="PASS">
          <reporter-output>
            <line>
              <![CDATA[Verifying Url of the page]]>
            </line>
          </reporter-output>
        </test-method> <!-- validateUrl -->
        <test-method is-config="true" signature="afterTest()[pri:0, instance:testNG.phpTravels_hwB@5d740a0f]" started-at="2020-03-31T01:18:00Z" name="afterTest" finished-at="2020-03-31T01:18:03Z" duration-ms="2999" status="PASS">
          <reporter-output>
          </reporter-output>
        </test-method> <!-- afterTest -->
      </class> <!-- testNG.phpTravels_hwB -->
    </test> <!-- random -->
  </suite> <!-- GroupTesting -->
</testng-results>
