<?xml version="1.0" encoding="UTF-8"?>
<testng-results ignored="0" total="42" passed="42" failed="0" skipped="0">
  <reporter-output>
    <line>
      <![CDATA[Entering Tommy in the First Name Text Box ]]>
    </line>
    <line>
      <![CDATA[Entering Lee in the Last Name Text Box ]]>
    </line>
    <line>
      <![CDATA[Entering Tommy in the First Name Text Box ]]>
    </line>
    <line>
      <![CDATA[Entering 7031234567 in the Phone Text Box ]]>
    </line>
    <line>
      <![CDATA[Entering Lee in the Last Name Text Box ]]>
    </line>
    <line>
      <![CDATA[Entering Tommy in the First Name Text Box ]]>
    </line>
    <line>
      <![CDATA[Entering tommylee@yahoo.com in the Email Text Box ]]>
    </line>
    <line>
      <![CDATA[Entering 7031234567 in the Phone Text Box ]]>
    </line>
    <line>
      <![CDATA[Entering Lee in the Last Name Text Box ]]>
    </line>
    <line>
      <![CDATA[Entering tommylee@yahoo.com in the Email Text Box ]]>
    </line>
    <line>
      <![CDATA[Entering 7031234567 in the Phone Text Box ]]>
    </line>
    <line>
      <![CDATA[Entering 10400 Eaton Pl, Suite 105 in the Address Text Box ]]>
    </line>
    <line>
      <![CDATA[Entering tommylee@yahoo.com in the Email Text Box ]]>
    </line>
    <line>
      <![CDATA[Entering 10400 Eaton Pl, Suite 105 in the Address Text Box ]]>
    </line>
    <line>
      <![CDATA[Entering 10400 Eaton Pl, Suite 105 in the Address Text Box ]]>
    </line>
    <line>
      <![CDATA[Entering Fairfax in the City Text Box ]]>
    </line>
    <line>
      <![CDATA[Entering Fairfax in the City Text Box ]]>
    </line>
    <line>
      <![CDATA[Entering Fairfax in the City Text Box ]]>
    </line>
    <line>
      <![CDATA[Entering Virginia in the State Text Box ]]>
    </line>
    <line>
      <![CDATA[Entering Virginia in the State Text Box ]]>
    </line>
    <line>
      <![CDATA[Entering 22030 in the Postal Code Text Box ]]>
    </line>
    <line>
      <![CDATA[Entering 22030 in the Postal Code Text Box ]]>
    </line>
    <line>
      <![CDATA[Entering Virginia in the State Text Box ]]>
    </line>
    <line>
      <![CDATA[Entering mcc1919 in the User Name Text Box ]]>
    </line>
    <line>
      <![CDATA[Entering mcc1919 in the User Name Text Box ]]>
    </line>
    <line>
      <![CDATA[Entering Abcd1234 in the Password Text Box ]]>
    </line>
    <line>
      <![CDATA[Entering Abcd1234 in the Password Text Box ]]>
    </line>
    <line>
      <![CDATA[Entering 22030 in the Postal Code Text Box ]]>
    </line>
    <line>
      <![CDATA[Entering Abcd1234 in the Confirm Password Text Box ]]>
    </line>
    <line>
      <![CDATA[Entering Abcd1234 in the Confirm Password Text Box ]]>
    </line>
    <line>
      <![CDATA[Verifying the submit button is enabled]]>
    </line>
    <line>
      <![CDATA[Verifying the submit button is displayed]]>
    </line>
    <line>
      <![CDATA[Verifying the submit button is enabled]]>
    </line>
    <line>
      <![CDATA[Verifying the submit button is displayed]]>
    </line>
    <line>
      <![CDATA[Entering mcc1919 in the User Name Text Box ]]>
    </line>
    <line>
      <![CDATA[Reading the title of the page]]>
    </line>
    <line>
      <![CDATA[Reading the title of the page]]>
    </line>
    <line>
      <![CDATA[Reading the Url of the page]]>
    </line>
    <line>
      <![CDATA[Reading the Url of the page]]>
    </line>
    <line>
      <![CDATA[Entering Abcd1234 in the Password Text Box ]]>
    </line>
    <line>
      <![CDATA[Entering Abcd1234 in the Confirm Password Text Box ]]>
    </line>
    <line>
      <![CDATA[Verifying the submit button is enabled]]>
    </line>
    <line>
      <![CDATA[Verifying the submit button is displayed]]>
    </line>
    <line>
      <![CDATA[Reading the title of the page]]>
    </line>
    <line>
      <![CDATA[Reading the Url of the page]]>
    </line>
  </reporter-output>
  <suite started-at="2020-04-02T19:01:46Z" name="Suite" finished-at="2020-04-02T19:02:09Z" duration-ms="22515">
    <groups>
    </groups>
    <test started-at="2020-04-02T19:01:46Z" name="ChromeTest" finished-at="2020-04-02T19:02:05Z" duration-ms="18652">
      <class name="HomeWorkMar22.pageNewTours_hwA">
        <test-method is-config="true" signature="beforeTest(java.lang.String)[pri:0, instance:HomeWorkMar22.pageNewTours_hwA@4c1909a3]" started-at="2020-04-02T15:01:46Z" name="beforeTest" finished-at="2020-04-02T15:01:52Z" duration-ms="6259" status="PASS">
          <params>
            <param index="0">
              <value>
                <![CDATA[chrome]]>
              </value>
            </param>
          </params>
          <reporter-output>
          </reporter-output>
        </test-method> <!-- beforeTest -->
        <test-method is-config="true" signature="beforeMethod()[pri:0, instance:HomeWorkMar22.pageNewTours_hwA@4c1909a3]" started-at="2020-04-02T15:01:52Z" name="beforeMethod" finished-at="2020-04-02T15:01:53Z" duration-ms="500" status="PASS">
          <reporter-output>
          </reporter-output>
        </test-method> <!-- beforeMethod -->
        <test-method signature="validateFirstName()[pri:1, instance:HomeWorkMar22.pageNewTours_hwA@4c1909a3]" started-at="2020-04-02T15:01:53Z" name="validateFirstName" finished-at="2020-04-02T15:01:53Z" duration-ms="251" status="PASS">
          <reporter-output>
            <line>
              <![CDATA[Entering Tommy in the First Name Text Box ]]>
            </line>
          </reporter-output>
        </test-method> <!-- validateFirstName -->
        <test-method is-config="true" signature="beforeMethod()[pri:0, instance:HomeWorkMar22.pageNewTours_hwA@4c1909a3]" started-at="2020-04-02T15:01:53Z" name="beforeMethod" finished-at="2020-04-02T15:01:54Z" duration-ms="501" status="PASS">
          <reporter-output>
          </reporter-output>
        </test-method> <!-- beforeMethod -->
        <test-method signature="validateLastName()[pri:2, instance:HomeWorkMar22.pageNewTours_hwA@4c1909a3]" started-at="2020-04-02T15:01:54Z" name="validateLastName" finished-at="2020-04-02T15:01:54Z" duration-ms="281" status="PASS">
          <reporter-output>
            <line>
              <![CDATA[Entering Lee in the Last Name Text Box ]]>
            </line>
          </reporter-output>
        </test-method> <!-- validateLastName -->
        <test-method is-config="true" signature="beforeMethod()[pri:0, instance:HomeWorkMar22.pageNewTours_hwA@4c1909a3]" started-at="2020-04-02T15:01:54Z" name="beforeMethod" finished-at="2020-04-02T15:01:54Z" duration-ms="501" status="PASS">
          <reporter-output>
          </reporter-output>
        </test-method> <!-- beforeMethod -->
        <test-method signature="validatePhone()[pri:3, instance:HomeWorkMar22.pageNewTours_hwA@4c1909a3]" started-at="2020-04-02T15:01:54Z" name="validatePhone" finished-at="2020-04-02T15:01:55Z" duration-ms="219" status="PASS">
          <reporter-output>
            <line>
              <![CDATA[Entering 7031234567 in the Phone Text Box ]]>
            </line>
          </reporter-output>
        </test-method> <!-- validatePhone -->
        <test-method is-config="true" signature="beforeMethod()[pri:0, instance:HomeWorkMar22.pageNewTours_hwA@4c1909a3]" started-at="2020-04-02T15:01:55Z" name="beforeMethod" finished-at="2020-04-02T15:01:55Z" duration-ms="501" status="PASS">
          <reporter-output>
          </reporter-output>
        </test-method> <!-- beforeMethod -->
        <test-method signature="validateEmail()[pri:4, instance:HomeWorkMar22.pageNewTours_hwA@4c1909a3]" started-at="2020-04-02T15:01:55Z" name="validateEmail" finished-at="2020-04-02T15:01:55Z" duration-ms="340" status="PASS">
          <reporter-output>
            <line>
              <![CDATA[Entering tommylee@yahoo.com in the Email Text Box ]]>
            </line>
          </reporter-output>
        </test-method> <!-- validateEmail -->
        <test-method is-config="true" signature="beforeMethod()[pri:0, instance:HomeWorkMar22.pageNewTours_hwA@4c1909a3]" started-at="2020-04-02T15:01:55Z" name="beforeMethod" finished-at="2020-04-02T15:01:56Z" duration-ms="500" status="PASS">
          <reporter-output>
          </reporter-output>
        </test-method> <!-- beforeMethod -->
        <test-method signature="validateAddress()[pri:5, instance:HomeWorkMar22.pageNewTours_hwA@4c1909a3]" started-at="2020-04-02T15:01:56Z" name="validateAddress" finished-at="2020-04-02T15:01:56Z" duration-ms="362" status="PASS">
          <reporter-output>
            <line>
              <![CDATA[Entering 10400 Eaton Pl, Suite 105 in the Address Text Box ]]>
            </line>
          </reporter-output>
        </test-method> <!-- validateAddress -->
        <test-method is-config="true" signature="beforeMethod()[pri:0, instance:HomeWorkMar22.pageNewTours_hwA@4c1909a3]" started-at="2020-04-02T15:01:56Z" name="beforeMethod" finished-at="2020-04-02T15:01:57Z" duration-ms="501" status="PASS">
          <reporter-output>
          </reporter-output>
        </test-method> <!-- beforeMethod -->
        <test-method signature="validateCity()[pri:6, instance:HomeWorkMar22.pageNewTours_hwA@4c1909a3]" started-at="2020-04-02T15:01:57Z" name="validateCity" finished-at="2020-04-02T15:01:57Z" duration-ms="228" status="PASS">
          <reporter-output>
            <line>
              <![CDATA[Entering Fairfax in the City Text Box ]]>
            </line>
          </reporter-output>
        </test-method> <!-- validateCity -->
        <test-method is-config="true" signature="beforeMethod()[pri:0, instance:HomeWorkMar22.pageNewTours_hwA@4c1909a3]" started-at="2020-04-02T15:01:57Z" name="beforeMethod" finished-at="2020-04-02T15:01:58Z" duration-ms="500" status="PASS">
          <reporter-output>
          </reporter-output>
        </test-method> <!-- beforeMethod -->
        <test-method signature="validateState()[pri:7, instance:HomeWorkMar22.pageNewTours_hwA@4c1909a3]" started-at="2020-04-02T15:01:58Z" name="validateState" finished-at="2020-04-02T15:01:58Z" duration-ms="163" status="PASS">
          <reporter-output>
            <line>
              <![CDATA[Entering Virginia in the State Text Box ]]>
            </line>
          </reporter-output>
        </test-method> <!-- validateState -->
        <test-method is-config="true" signature="beforeMethod()[pri:0, instance:HomeWorkMar22.pageNewTours_hwA@4c1909a3]" started-at="2020-04-02T15:01:58Z" name="beforeMethod" finished-at="2020-04-02T15:01:58Z" duration-ms="500" status="PASS">
          <reporter-output>
          </reporter-output>
        </test-method> <!-- beforeMethod -->
        <test-method signature="validatePostalCode()[pri:8, instance:HomeWorkMar22.pageNewTours_hwA@4c1909a3]" started-at="2020-04-02T15:01:58Z" name="validatePostalCode" finished-at="2020-04-02T15:01:58Z" duration-ms="139" status="PASS">
          <reporter-output>
            <line>
              <![CDATA[Entering 22030 in the Postal Code Text Box ]]>
            </line>
          </reporter-output>
        </test-method> <!-- validatePostalCode -->
        <test-method is-config="true" signature="beforeMethod()[pri:0, instance:HomeWorkMar22.pageNewTours_hwA@4c1909a3]" started-at="2020-04-02T15:01:58Z" name="beforeMethod" finished-at="2020-04-02T15:01:59Z" duration-ms="501" status="PASS">
          <reporter-output>
          </reporter-output>
        </test-method> <!-- beforeMethod -->
        <test-method signature="validateUserName()[pri:9, instance:HomeWorkMar22.pageNewTours_hwA@4c1909a3]" started-at="2020-04-02T15:01:59Z" name="validateUserName" finished-at="2020-04-02T15:01:59Z" duration-ms="149" status="PASS">
          <reporter-output>
            <line>
              <![CDATA[Entering mcc1919 in the User Name Text Box ]]>
            </line>
          </reporter-output>
        </test-method> <!-- validateUserName -->
        <test-method is-config="true" signature="beforeMethod()[pri:0, instance:HomeWorkMar22.pageNewTours_hwA@4c1909a3]" started-at="2020-04-02T15:01:59Z" name="beforeMethod" finished-at="2020-04-02T15:02:00Z" duration-ms="500" status="PASS">
          <reporter-output>
          </reporter-output>
        </test-method> <!-- beforeMethod -->
        <test-method signature="validatePassword()[pri:10, instance:HomeWorkMar22.pageNewTours_hwA@4c1909a3]" started-at="2020-04-02T15:02:00Z" name="validatePassword" finished-at="2020-04-02T15:02:00Z" duration-ms="235" status="PASS">
          <reporter-output>
            <line>
              <![CDATA[Entering Abcd1234 in the Password Text Box ]]>
            </line>
          </reporter-output>
        </test-method> <!-- validatePassword -->
        <test-method is-config="true" signature="beforeMethod()[pri:0, instance:HomeWorkMar22.pageNewTours_hwA@4c1909a3]" started-at="2020-04-02T15:02:00Z" name="beforeMethod" finished-at="2020-04-02T15:02:00Z" duration-ms="501" status="PASS">
          <reporter-output>
          </reporter-output>
        </test-method> <!-- beforeMethod -->
        <test-method signature="validateConfirmPassword()[pri:11, instance:HomeWorkMar22.pageNewTours_hwA@4c1909a3]" started-at="2020-04-02T15:02:00Z" name="validateConfirmPassword" finished-at="2020-04-02T15:02:00Z" duration-ms="165" status="PASS">
          <reporter-output>
            <line>
              <![CDATA[Entering Abcd1234 in the Confirm Password Text Box ]]>
            </line>
          </reporter-output>
        </test-method> <!-- validateConfirmPassword -->
        <test-method is-config="true" signature="beforeMethod()[pri:0, instance:HomeWorkMar22.pageNewTours_hwA@4c1909a3]" started-at="2020-04-02T15:02:00Z" name="beforeMethod" finished-at="2020-04-02T15:02:01Z" duration-ms="500" status="PASS">
          <reporter-output>
          </reporter-output>
        </test-method> <!-- beforeMethod -->
        <test-method signature="validateSubmit()[pri:12, instance:HomeWorkMar22.pageNewTours_hwA@4c1909a3]" started-at="2020-04-02T15:02:01Z" name="validateSubmit" finished-at="2020-04-02T15:02:01Z" duration-ms="105" status="PASS">
          <reporter-output>
            <line>
              <![CDATA[Verifying the submit button is enabled]]>
            </line>
            <line>
              <![CDATA[Verifying the submit button is displayed]]>
            </line>
          </reporter-output>
        </test-method> <!-- validateSubmit -->
        <test-method is-config="true" signature="beforeMethod()[pri:0, instance:HomeWorkMar22.pageNewTours_hwA@4c1909a3]" started-at="2020-04-02T15:02:01Z" name="beforeMethod" finished-at="2020-04-02T15:02:02Z" duration-ms="501" status="PASS">
          <reporter-output>
          </reporter-output>
        </test-method> <!-- beforeMethod -->
        <test-method signature="validateTitle()[pri:13, instance:HomeWorkMar22.pageNewTours_hwA@4c1909a3]" started-at="2020-04-02T15:02:02Z" name="validateTitle" finished-at="2020-04-02T15:02:02Z" duration-ms="15" status="PASS">
          <reporter-output>
            <line>
              <![CDATA[Reading the title of the page]]>
            </line>
          </reporter-output>
        </test-method> <!-- validateTitle -->
        <test-method is-config="true" signature="beforeMethod()[pri:0, instance:HomeWorkMar22.pageNewTours_hwA@4c1909a3]" started-at="2020-04-02T15:02:02Z" name="beforeMethod" finished-at="2020-04-02T15:02:02Z" duration-ms="502" status="PASS">
          <reporter-output>
          </reporter-output>
        </test-method> <!-- beforeMethod -->
        <test-method signature="validateUrl()[pri:14, instance:HomeWorkMar22.pageNewTours_hwA@4c1909a3]" started-at="2020-04-02T15:02:02Z" name="validateUrl" finished-at="2020-04-02T15:02:02Z" duration-ms="17" status="PASS">
          <reporter-output>
            <line>
              <![CDATA[Reading the Url of the page]]>
            </line>
          </reporter-output>
        </test-method> <!-- validateUrl -->
        <test-method is-config="true" signature="afterTest()[pri:0, instance:HomeWorkMar22.pageNewTours_hwA@4c1909a3]" started-at="2020-04-02T15:02:02Z" name="afterTest" finished-at="2020-04-02T15:02:05Z" duration-ms="2670" status="PASS">
          <reporter-output>
          </reporter-output>
        </test-method> <!-- afterTest -->
      </class> <!-- HomeWorkMar22.pageNewTours_hwA -->
    </test> <!-- ChromeTest -->
    <test started-at="2020-04-02T19:01:46Z" name="FirefoxTest" finished-at="2020-04-02T19:02:06Z" duration-ms="19475">
      <class name="HomeWorkMar22.pageNewTours_hwA">
        <test-method is-config="true" signature="beforeTest(java.lang.String)[pri:0, instance:HomeWorkMar22.pageNewTours_hwA@27f981c6]" started-at="2020-04-02T15:01:46Z" name="beforeTest" finished-at="2020-04-02T15:01:54Z" duration-ms="7919" status="PASS">
          <params>
            <param index="0">
              <value>
                <![CDATA[firefox]]>
              </value>
            </param>
          </params>
          <reporter-output>
          </reporter-output>
        </test-method> <!-- beforeTest -->
        <test-method is-config="true" signature="beforeMethod()[pri:0, instance:HomeWorkMar22.pageNewTours_hwA@27f981c6]" started-at="2020-04-02T15:01:54Z" name="beforeMethod" finished-at="2020-04-02T15:01:55Z" duration-ms="501" status="PASS">
          <reporter-output>
          </reporter-output>
        </test-method> <!-- beforeMethod -->
        <test-method signature="validateFirstName()[pri:1, instance:HomeWorkMar22.pageNewTours_hwA@27f981c6]" started-at="2020-04-02T15:01:55Z" name="validateFirstName" finished-at="2020-04-02T15:01:55Z" duration-ms="73" status="PASS">
          <reporter-output>
            <line>
              <![CDATA[Entering Tommy in the First Name Text Box ]]>
            </line>
          </reporter-output>
        </test-method> <!-- validateFirstName -->
        <test-method is-config="true" signature="beforeMethod()[pri:0, instance:HomeWorkMar22.pageNewTours_hwA@27f981c6]" started-at="2020-04-02T15:01:55Z" name="beforeMethod" finished-at="2020-04-02T15:01:55Z" duration-ms="501" status="PASS">
          <reporter-output>
          </reporter-output>
        </test-method> <!-- beforeMethod -->
        <test-method signature="validateLastName()[pri:2, instance:HomeWorkMar22.pageNewTours_hwA@27f981c6]" started-at="2020-04-02T15:01:55Z" name="validateLastName" finished-at="2020-04-02T15:01:55Z" duration-ms="52" status="PASS">
          <reporter-output>
            <line>
              <![CDATA[Entering Lee in the Last Name Text Box ]]>
            </line>
          </reporter-output>
        </test-method> <!-- validateLastName -->
        <test-method is-config="true" signature="beforeMethod()[pri:0, instance:HomeWorkMar22.pageNewTours_hwA@27f981c6]" started-at="2020-04-02T15:01:55Z" name="beforeMethod" finished-at="2020-04-02T15:01:56Z" duration-ms="500" status="PASS">
          <reporter-output>
          </reporter-output>
        </test-method> <!-- beforeMethod -->
        <test-method signature="validatePhone()[pri:3, instance:HomeWorkMar22.pageNewTours_hwA@27f981c6]" started-at="2020-04-02T15:01:56Z" name="validatePhone" finished-at="2020-04-02T15:01:56Z" duration-ms="58" status="PASS">
          <reporter-output>
            <line>
              <![CDATA[Entering 7031234567 in the Phone Text Box ]]>
            </line>
          </reporter-output>
        </test-method> <!-- validatePhone -->
        <test-method is-config="true" signature="beforeMethod()[pri:0, instance:HomeWorkMar22.pageNewTours_hwA@27f981c6]" started-at="2020-04-02T15:01:56Z" name="beforeMethod" finished-at="2020-04-02T15:01:56Z" duration-ms="501" status="PASS">
          <reporter-output>
          </reporter-output>
        </test-method> <!-- beforeMethod -->
        <test-method signature="validateEmail()[pri:4, instance:HomeWorkMar22.pageNewTours_hwA@27f981c6]" started-at="2020-04-02T15:01:56Z" name="validateEmail" finished-at="2020-04-02T15:01:56Z" duration-ms="66" status="PASS">
          <reporter-output>
            <line>
              <![CDATA[Entering tommylee@yahoo.com in the Email Text Box ]]>
            </line>
          </reporter-output>
        </test-method> <!-- validateEmail -->
        <test-method is-config="true" signature="beforeMethod()[pri:0, instance:HomeWorkMar22.pageNewTours_hwA@27f981c6]" started-at="2020-04-02T15:01:56Z" name="beforeMethod" finished-at="2020-04-02T15:01:57Z" duration-ms="501" status="PASS">
          <reporter-output>
          </reporter-output>
        </test-method> <!-- beforeMethod -->
        <test-method signature="validateAddress()[pri:5, instance:HomeWorkMar22.pageNewTours_hwA@27f981c6]" started-at="2020-04-02T15:01:57Z" name="validateAddress" finished-at="2020-04-02T15:01:57Z" duration-ms="86" status="PASS">
          <reporter-output>
            <line>
              <![CDATA[Entering 10400 Eaton Pl, Suite 105 in the Address Text Box ]]>
            </line>
          </reporter-output>
        </test-method> <!-- validateAddress -->
        <test-method is-config="true" signature="beforeMethod()[pri:0, instance:HomeWorkMar22.pageNewTours_hwA@27f981c6]" started-at="2020-04-02T15:01:57Z" name="beforeMethod" finished-at="2020-04-02T15:01:57Z" duration-ms="501" status="PASS">
          <reporter-output>
          </reporter-output>
        </test-method> <!-- beforeMethod -->
        <test-method signature="validateCity()[pri:6, instance:HomeWorkMar22.pageNewTours_hwA@27f981c6]" started-at="2020-04-02T15:01:57Z" name="validateCity" finished-at="2020-04-02T15:01:57Z" duration-ms="49" status="PASS">
          <reporter-output>
            <line>
              <![CDATA[Entering Fairfax in the City Text Box ]]>
            </line>
          </reporter-output>
        </test-method> <!-- validateCity -->
        <test-method is-config="true" signature="beforeMethod()[pri:0, instance:HomeWorkMar22.pageNewTours_hwA@27f981c6]" started-at="2020-04-02T15:01:57Z" name="beforeMethod" finished-at="2020-04-02T15:01:58Z" duration-ms="501" status="PASS">
          <reporter-output>
          </reporter-output>
        </test-method> <!-- beforeMethod -->
        <test-method signature="validateState()[pri:7, instance:HomeWorkMar22.pageNewTours_hwA@27f981c6]" started-at="2020-04-02T15:01:58Z" name="validateState" finished-at="2020-04-02T15:01:58Z" duration-ms="55" status="PASS">
          <reporter-output>
            <line>
              <![CDATA[Entering Virginia in the State Text Box ]]>
            </line>
          </reporter-output>
        </test-method> <!-- validateState -->
        <test-method is-config="true" signature="beforeMethod()[pri:0, instance:HomeWorkMar22.pageNewTours_hwA@27f981c6]" started-at="2020-04-02T15:01:58Z" name="beforeMethod" finished-at="2020-04-02T15:01:58Z" duration-ms="501" status="PASS">
          <reporter-output>
          </reporter-output>
        </test-method> <!-- beforeMethod -->
        <test-method signature="validatePostalCode()[pri:8, instance:HomeWorkMar22.pageNewTours_hwA@27f981c6]" started-at="2020-04-02T15:01:58Z" name="validatePostalCode" finished-at="2020-04-02T15:01:59Z" duration-ms="57" status="PASS">
          <reporter-output>
            <line>
              <![CDATA[Entering 22030 in the Postal Code Text Box ]]>
            </line>
          </reporter-output>
        </test-method> <!-- validatePostalCode -->
        <test-method is-config="true" signature="beforeMethod()[pri:0, instance:HomeWorkMar22.pageNewTours_hwA@27f981c6]" started-at="2020-04-02T15:01:59Z" name="beforeMethod" finished-at="2020-04-02T15:01:59Z" duration-ms="500" status="PASS">
          <reporter-output>
          </reporter-output>
        </test-method> <!-- beforeMethod -->
        <test-method signature="validateUserName()[pri:9, instance:HomeWorkMar22.pageNewTours_hwA@27f981c6]" started-at="2020-04-02T15:01:59Z" name="validateUserName" finished-at="2020-04-02T15:01:59Z" duration-ms="40" status="PASS">
          <reporter-output>
            <line>
              <![CDATA[Entering mcc1919 in the User Name Text Box ]]>
            </line>
          </reporter-output>
        </test-method> <!-- validateUserName -->
        <test-method is-config="true" signature="beforeMethod()[pri:0, instance:HomeWorkMar22.pageNewTours_hwA@27f981c6]" started-at="2020-04-02T15:01:59Z" name="beforeMethod" finished-at="2020-04-02T15:02:00Z" duration-ms="500" status="PASS">
          <reporter-output>
          </reporter-output>
        </test-method> <!-- beforeMethod -->
        <test-method signature="validatePassword()[pri:10, instance:HomeWorkMar22.pageNewTours_hwA@27f981c6]" started-at="2020-04-02T15:02:00Z" name="validatePassword" finished-at="2020-04-02T15:02:00Z" duration-ms="74" status="PASS">
          <reporter-output>
            <line>
              <![CDATA[Entering Abcd1234 in the Password Text Box ]]>
            </line>
          </reporter-output>
        </test-method> <!-- validatePassword -->
        <test-method is-config="true" signature="beforeMethod()[pri:0, instance:HomeWorkMar22.pageNewTours_hwA@27f981c6]" started-at="2020-04-02T15:02:00Z" name="beforeMethod" finished-at="2020-04-02T15:02:00Z" duration-ms="501" status="PASS">
          <reporter-output>
          </reporter-output>
        </test-method> <!-- beforeMethod -->
        <test-method signature="validateConfirmPassword()[pri:11, instance:HomeWorkMar22.pageNewTours_hwA@27f981c6]" started-at="2020-04-02T15:02:00Z" name="validateConfirmPassword" finished-at="2020-04-02T15:02:00Z" duration-ms="53" status="PASS">
          <reporter-output>
            <line>
              <![CDATA[Entering Abcd1234 in the Confirm Password Text Box ]]>
            </line>
          </reporter-output>
        </test-method> <!-- validateConfirmPassword -->
        <test-method is-config="true" signature="beforeMethod()[pri:0, instance:HomeWorkMar22.pageNewTours_hwA@27f981c6]" started-at="2020-04-02T15:02:00Z" name="beforeMethod" finished-at="2020-04-02T15:02:01Z" duration-ms="501" status="PASS">
          <reporter-output>
          </reporter-output>
        </test-method> <!-- beforeMethod -->
        <test-method signature="validateSubmit()[pri:12, instance:HomeWorkMar22.pageNewTours_hwA@27f981c6]" started-at="2020-04-02T15:02:01Z" name="validateSubmit" finished-at="2020-04-02T15:02:01Z" duration-ms="140" status="PASS">
          <reporter-output>
            <line>
              <![CDATA[Verifying the submit button is enabled]]>
            </line>
            <line>
              <![CDATA[Verifying the submit button is displayed]]>
            </line>
          </reporter-output>
        </test-method> <!-- validateSubmit -->
        <test-method is-config="true" signature="beforeMethod()[pri:0, instance:HomeWorkMar22.pageNewTours_hwA@27f981c6]" started-at="2020-04-02T15:02:01Z" name="beforeMethod" finished-at="2020-04-02T15:02:01Z" duration-ms="501" status="PASS">
          <reporter-output>
          </reporter-output>
        </test-method> <!-- beforeMethod -->
        <test-method signature="validateTitle()[pri:13, instance:HomeWorkMar22.pageNewTours_hwA@27f981c6]" started-at="2020-04-02T15:02:01Z" name="validateTitle" finished-at="2020-04-02T15:02:01Z" duration-ms="9" status="PASS">
          <reporter-output>
            <line>
              <![CDATA[Reading the title of the page]]>
            </line>
          </reporter-output>
        </test-method> <!-- validateTitle -->
        <test-method is-config="true" signature="beforeMethod()[pri:0, instance:HomeWorkMar22.pageNewTours_hwA@27f981c6]" started-at="2020-04-02T15:02:01Z" name="beforeMethod" finished-at="2020-04-02T15:02:02Z" duration-ms="501" status="PASS">
          <reporter-output>
          </reporter-output>
        </test-method> <!-- beforeMethod -->
        <test-method signature="validateUrl()[pri:14, instance:HomeWorkMar22.pageNewTours_hwA@27f981c6]" started-at="2020-04-02T15:02:02Z" name="validateUrl" finished-at="2020-04-02T15:02:02Z" duration-ms="9" status="PASS">
          <reporter-output>
            <line>
              <![CDATA[Reading the Url of the page]]>
            </line>
          </reporter-output>
        </test-method> <!-- validateUrl -->
        <test-method is-config="true" signature="afterTest()[pri:0, instance:HomeWorkMar22.pageNewTours_hwA@27f981c6]" started-at="2020-04-02T15:02:02Z" name="afterTest" finished-at="2020-04-02T15:02:06Z" duration-ms="3669" status="PASS">
          <reporter-output>
          </reporter-output>
        </test-method> <!-- afterTest -->
      </class> <!-- HomeWorkMar22.pageNewTours_hwA -->
    </test> <!-- FirefoxTest -->
    <test started-at="2020-04-02T19:01:46Z" name="InternetExplorerTest" finished-at="2020-04-02T19:02:09Z" duration-ms="22515">
      <class name="HomeWorkMar22.pageNewTours_hwA">
        <test-method is-config="true" signature="beforeTest(java.lang.String)[pri:0, instance:HomeWorkMar22.pageNewTours_hwA@4803b726]" started-at="2020-04-02T15:01:46Z" name="beforeTest" finished-at="2020-04-02T15:01:49Z" duration-ms="3043" status="PASS">
          <params>
            <param index="0">
              <value>
                <![CDATA[InternetExplorer]]>
              </value>
            </param>
          </params>
          <reporter-output>
          </reporter-output>
        </test-method> <!-- beforeTest -->
        <test-method is-config="true" signature="beforeMethod()[pri:0, instance:HomeWorkMar22.pageNewTours_hwA@4803b726]" started-at="2020-04-02T15:01:49Z" name="beforeMethod" finished-at="2020-04-02T15:01:50Z" duration-ms="502" status="PASS">
          <reporter-output>
          </reporter-output>
        </test-method> <!-- beforeMethod -->
        <test-method signature="validateFirstName()[pri:1, instance:HomeWorkMar22.pageNewTours_hwA@4803b726]" started-at="2020-04-02T15:01:50Z" name="validateFirstName" finished-at="2020-04-02T15:01:51Z" duration-ms="940" status="PASS">
          <reporter-output>
            <line>
              <![CDATA[Entering Tommy in the First Name Text Box ]]>
            </line>
          </reporter-output>
        </test-method> <!-- validateFirstName -->
        <test-method is-config="true" signature="beforeMethod()[pri:0, instance:HomeWorkMar22.pageNewTours_hwA@4803b726]" started-at="2020-04-02T15:01:51Z" name="beforeMethod" finished-at="2020-04-02T15:01:51Z" duration-ms="500" status="PASS">
          <reporter-output>
          </reporter-output>
        </test-method> <!-- beforeMethod -->
        <test-method signature="validateLastName()[pri:2, instance:HomeWorkMar22.pageNewTours_hwA@4803b726]" started-at="2020-04-02T15:01:51Z" name="validateLastName" finished-at="2020-04-02T15:01:52Z" duration-ms="783" status="PASS">
          <reporter-output>
            <line>
              <![CDATA[Entering Lee in the Last Name Text Box ]]>
            </line>
          </reporter-output>
        </test-method> <!-- validateLastName -->
        <test-method is-config="true" signature="beforeMethod()[pri:0, instance:HomeWorkMar22.pageNewTours_hwA@4803b726]" started-at="2020-04-02T15:01:52Z" name="beforeMethod" finished-at="2020-04-02T15:01:52Z" duration-ms="501" status="PASS">
          <reporter-output>
          </reporter-output>
        </test-method> <!-- beforeMethod -->
        <test-method signature="validatePhone()[pri:3, instance:HomeWorkMar22.pageNewTours_hwA@4803b726]" started-at="2020-04-02T15:01:52Z" name="validatePhone" finished-at="2020-04-02T15:01:53Z" duration-ms="799" status="PASS">
          <reporter-output>
            <line>
              <![CDATA[Entering 7031234567 in the Phone Text Box ]]>
            </line>
          </reporter-output>
        </test-method> <!-- validatePhone -->
        <test-method is-config="true" signature="beforeMethod()[pri:0, instance:HomeWorkMar22.pageNewTours_hwA@4803b726]" started-at="2020-04-02T15:01:53Z" name="beforeMethod" finished-at="2020-04-02T15:01:54Z" duration-ms="501" status="PASS">
          <reporter-output>
          </reporter-output>
        </test-method> <!-- beforeMethod -->
        <test-method signature="validateEmail()[pri:4, instance:HomeWorkMar22.pageNewTours_hwA@4803b726]" started-at="2020-04-02T15:01:54Z" name="validateEmail" finished-at="2020-04-02T15:01:55Z" duration-ms="909" status="PASS">
          <reporter-output>
            <line>
              <![CDATA[Entering tommylee@yahoo.com in the Email Text Box ]]>
            </line>
          </reporter-output>
        </test-method> <!-- validateEmail -->
        <test-method is-config="true" signature="beforeMethod()[pri:0, instance:HomeWorkMar22.pageNewTours_hwA@4803b726]" started-at="2020-04-02T15:01:55Z" name="beforeMethod" finished-at="2020-04-02T15:01:55Z" duration-ms="500" status="PASS">
          <reporter-output>
          </reporter-output>
        </test-method> <!-- beforeMethod -->
        <test-method signature="validateAddress()[pri:5, instance:HomeWorkMar22.pageNewTours_hwA@4803b726]" started-at="2020-04-02T15:01:55Z" name="validateAddress" finished-at="2020-04-02T15:01:56Z" duration-ms="1007" status="PASS">
          <reporter-output>
            <line>
              <![CDATA[Entering 10400 Eaton Pl, Suite 105 in the Address Text Box ]]>
            </line>
          </reporter-output>
        </test-method> <!-- validateAddress -->
        <test-method is-config="true" signature="beforeMethod()[pri:0, instance:HomeWorkMar22.pageNewTours_hwA@4803b726]" started-at="2020-04-02T15:01:56Z" name="beforeMethod" finished-at="2020-04-02T15:01:57Z" duration-ms="500" status="PASS">
          <reporter-output>
          </reporter-output>
        </test-method> <!-- beforeMethod -->
        <test-method signature="validateCity()[pri:6, instance:HomeWorkMar22.pageNewTours_hwA@4803b726]" started-at="2020-04-02T15:01:57Z" name="validateCity" finished-at="2020-04-02T15:01:57Z" duration-ms="823" status="PASS">
          <reporter-output>
            <line>
              <![CDATA[Entering Fairfax in the City Text Box ]]>
            </line>
          </reporter-output>
        </test-method> <!-- validateCity -->
        <test-method is-config="true" signature="beforeMethod()[pri:0, instance:HomeWorkMar22.pageNewTours_hwA@4803b726]" started-at="2020-04-02T15:01:57Z" name="beforeMethod" finished-at="2020-04-02T15:01:58Z" duration-ms="501" status="PASS">
          <reporter-output>
          </reporter-output>
        </test-method> <!-- beforeMethod -->
        <test-method signature="validateState()[pri:7, instance:HomeWorkMar22.pageNewTours_hwA@4803b726]" started-at="2020-04-02T15:01:58Z" name="validateState" finished-at="2020-04-02T15:01:59Z" duration-ms="770" status="PASS">
          <reporter-output>
            <line>
              <![CDATA[Entering Virginia in the State Text Box ]]>
            </line>
          </reporter-output>
        </test-method> <!-- validateState -->
        <test-method is-config="true" signature="beforeMethod()[pri:0, instance:HomeWorkMar22.pageNewTours_hwA@4803b726]" started-at="2020-04-02T15:01:59Z" name="beforeMethod" finished-at="2020-04-02T15:01:59Z" duration-ms="501" status="PASS">
          <reporter-output>
          </reporter-output>
        </test-method> <!-- beforeMethod -->
        <test-method signature="validatePostalCode()[pri:8, instance:HomeWorkMar22.pageNewTours_hwA@4803b726]" started-at="2020-04-02T15:01:59Z" name="validatePostalCode" finished-at="2020-04-02T15:02:00Z" duration-ms="756" status="PASS">
          <reporter-output>
            <line>
              <![CDATA[Entering 22030 in the Postal Code Text Box ]]>
            </line>
          </reporter-output>
        </test-method> <!-- validatePostalCode -->
        <test-method is-config="true" signature="beforeMethod()[pri:0, instance:HomeWorkMar22.pageNewTours_hwA@4803b726]" started-at="2020-04-02T15:02:00Z" name="beforeMethod" finished-at="2020-04-02T15:02:00Z" duration-ms="502" status="PASS">
          <reporter-output>
          </reporter-output>
        </test-method> <!-- beforeMethod -->
        <test-method signature="validateUserName()[pri:9, instance:HomeWorkMar22.pageNewTours_hwA@4803b726]" started-at="2020-04-02T15:02:00Z" name="validateUserName" finished-at="2020-04-02T15:02:01Z" duration-ms="838" status="PASS">
          <reporter-output>
            <line>
              <![CDATA[Entering mcc1919 in the User Name Text Box ]]>
            </line>
          </reporter-output>
        </test-method> <!-- validateUserName -->
        <test-method is-config="true" signature="beforeMethod()[pri:0, instance:HomeWorkMar22.pageNewTours_hwA@4803b726]" started-at="2020-04-02T15:02:01Z" name="beforeMethod" finished-at="2020-04-02T15:02:02Z" duration-ms="500" status="PASS">
          <reporter-output>
          </reporter-output>
        </test-method> <!-- beforeMethod -->
        <test-method signature="validatePassword()[pri:10, instance:HomeWorkMar22.pageNewTours_hwA@4803b726]" started-at="2020-04-02T15:02:02Z" name="validatePassword" finished-at="2020-04-02T15:02:03Z" duration-ms="770" status="PASS">
          <reporter-output>
            <line>
              <![CDATA[Entering Abcd1234 in the Password Text Box ]]>
            </line>
          </reporter-output>
        </test-method> <!-- validatePassword -->
        <test-method is-config="true" signature="beforeMethod()[pri:0, instance:HomeWorkMar22.pageNewTours_hwA@4803b726]" started-at="2020-04-02T15:02:03Z" name="beforeMethod" finished-at="2020-04-02T15:02:03Z" duration-ms="500" status="PASS">
          <reporter-output>
          </reporter-output>
        </test-method> <!-- beforeMethod -->
        <test-method signature="validateConfirmPassword()[pri:11, instance:HomeWorkMar22.pageNewTours_hwA@4803b726]" started-at="2020-04-02T15:02:03Z" name="validateConfirmPassword" finished-at="2020-04-02T15:02:04Z" duration-ms="765" status="PASS">
          <reporter-output>
            <line>
              <![CDATA[Entering Abcd1234 in the Confirm Password Text Box ]]>
            </line>
          </reporter-output>
        </test-method> <!-- validateConfirmPassword -->
        <test-method is-config="true" signature="beforeMethod()[pri:0, instance:HomeWorkMar22.pageNewTours_hwA@4803b726]" started-at="2020-04-02T15:02:04Z" name="beforeMethod" finished-at="2020-04-02T15:02:04Z" duration-ms="500" status="PASS">
          <reporter-output>
          </reporter-output>
        </test-method> <!-- beforeMethod -->
        <test-method signature="validateSubmit()[pri:12, instance:HomeWorkMar22.pageNewTours_hwA@4803b726]" started-at="2020-04-02T15:02:04Z" name="validateSubmit" finished-at="2020-04-02T15:02:05Z" duration-ms="547" status="PASS">
          <reporter-output>
            <line>
              <![CDATA[Verifying the submit button is enabled]]>
            </line>
            <line>
              <![CDATA[Verifying the submit button is displayed]]>
            </line>
          </reporter-output>
        </test-method> <!-- validateSubmit -->
        <test-method is-config="true" signature="beforeMethod()[pri:0, instance:HomeWorkMar22.pageNewTours_hwA@4803b726]" started-at="2020-04-02T15:02:05Z" name="beforeMethod" finished-at="2020-04-02T15:02:05Z" duration-ms="500" status="PASS">
          <reporter-output>
          </reporter-output>
        </test-method> <!-- beforeMethod -->
        <test-method signature="validateTitle()[pri:13, instance:HomeWorkMar22.pageNewTours_hwA@4803b726]" started-at="2020-04-02T15:02:05Z" name="validateTitle" finished-at="2020-04-02T15:02:05Z" duration-ms="15" status="PASS">
          <reporter-output>
            <line>
              <![CDATA[Reading the title of the page]]>
            </line>
          </reporter-output>
        </test-method> <!-- validateTitle -->
        <test-method is-config="true" signature="beforeMethod()[pri:0, instance:HomeWorkMar22.pageNewTours_hwA@4803b726]" started-at="2020-04-02T15:02:05Z" name="beforeMethod" finished-at="2020-04-02T15:02:06Z" duration-ms="500" status="PASS">
          <reporter-output>
          </reporter-output>
        </test-method> <!-- beforeMethod -->
        <test-method signature="validateUrl()[pri:14, instance:HomeWorkMar22.pageNewTours_hwA@4803b726]" started-at="2020-04-02T15:02:06Z" name="validateUrl" finished-at="2020-04-02T15:02:06Z" duration-ms="33" status="PASS">
          <reporter-output>
            <line>
              <![CDATA[Reading the Url of the page]]>
            </line>
          </reporter-output>
        </test-method> <!-- validateUrl -->
        <test-method is-config="true" signature="afterTest()[pri:0, instance:HomeWorkMar22.pageNewTours_hwA@4803b726]" started-at="2020-04-02T15:02:06Z" name="afterTest" finished-at="2020-04-02T15:02:09Z" duration-ms="2640" status="PASS">
          <reporter-output>
          </reporter-output>
        </test-method> <!-- afterTest -->
      </class> <!-- HomeWorkMar22.pageNewTours_hwA -->
    </test> <!-- InternetExplorerTest -->
  </suite> <!-- Suite -->
</testng-results>
